2026-03-17 12:34:22 - Пользователь user1 создан
2026-03-17 12:36:27 - Пользователь user3 создан
2026-03-17 12:42:51 - Пользователь user15 создан
2026-03-17 12:42:51 - Пользователю user15 был установлен пароль
2026-03-17 12:42:51 - SSH ключ для пользователя user15 создан
2026-03-17 12:43:28 - Пользователь user1 создан
2026-03-17 12:44:29 - Пользователь user3 создан
2026-03-17 12:44:29 - SSH ключ для пользователя user3 создан
2026-03-17 12:44:50 - Пользователь user1 создан
2026-03-17 12:44:50 - SSH ключ для пользователя user1 создан
2026-03-17 12:44:53 - Пользователь user3 создан
2026-03-17 12:44:53 - SSH ключ для пользователя user3 создан
2026-03-17 12:44:57 - Пользователь user15 создан
2026-03-17 12:44:57 - Пользователю user15 был установлен пароль
2026-03-17 12:44:57 - SSH ключ для пользователя user15 создан
2026-03-17 12:46:29 - Пользователь user1 создан
2026-03-17 12:47:10 - Пользователь user1 создан
2026-03-17 12:47:40 - Пользователь user1 создан
2026-03-17 12:47:40 - SSH ключ для пользователя user1 создан
2026-03-17 12:47:48 - Пользователь user3 создан
2026-03-17 12:47:48 - SSH ключ для пользователя user3 создан
2026-03-17 12:50:34 - Пользователь user1 создан
2026-03-17 12:50:34 - Пользователю user1 был установлен пароль
2026-03-17 12:50:34 - SSH ключ для пользователя user1 создан
2026-03-17 12:50:34 - Пользователь user3 создан
2026-03-17 12:50:34 - Пользователю user3 был установлен пароль
2026-03-17 12:50:34 - SSH ключ для пользователя user3 создан
2026-03-17 12:50:34 - Пользователь user15 создан
2026-03-17 12:50:34 - Пользователю user15 был установлен пароль
2026-03-17 12:50:35 - SSH ключ для пользователя user15 создан
2026-03-17 12:51:52 - Пользователь user1 создан
2026-03-17 12:51:52 - Пользователю user1 был установлен пароль
2026-03-17 12:51:53 - SSH ключ для пользователя user1 создан
2026-03-17 12:51:53 - Пользователь user3 создан
2026-03-17 12:51:53 - Пользователю user3 был установлен пароль
2026-03-17 12:51:53 - SSH ключ для пользователя user3 создан
2026-03-17 12:51:53 - Пользователь user15 создан
2026-03-17 12:51:53 - Пользователю user15 был установлен пароль
2026-03-17 12:51:53 - SSH ключ для пользователя user15 создан
2026-03-17 13:03:10 - Пользователь user1 создан
2026-03-17 13:03:11 - Пользователю user1 был установлен пароль
2026-03-17 13:03:11 - SSH ключ для пользователя user1 создан
2026-03-17 13:03:11 - Пользователь user3 создан
2026-03-17 13:03:11 - Пользователю user3 был установлен пароль
2026-03-17 13:03:11 - SSH ключ для пользователя user3 создан
2026-03-17 13:03:11 - Пользователь user15 создан
2026-03-17 13:03:11 - Пользователю user15 был установлен пароль
2026-03-17 13:03:11 - SSH ключ для пользователя user15 создан
2026-03-17 13:03:12 - Пользователь user1 уже создан, изменение пароля и SSH-ключа пропущены.
2026-03-17 13:03:12 - Пользователь user3 уже создан, изменение пароля и SSH-ключа пропущены.
2026-03-17 13:03:12 - Пользователь user15 уже создан, изменение пароля и SSH-ключа пропущены.
2026-03-17 13:04:33 - Пользователь user1 уже создан, изменение пароля и SSH-ключа пропущены.
2026-03-17 13:04:33 - Пользователь user3 уже создан, изменение пароля и SSH-ключа пропущены.
2026-03-17 13:04:33 - Пользователь user15 уже создан, изменение пароля и SSH-ключа пропущены.
2026-03-17 13:05:16 - Пользователь user1 и его домашняя директория были удалены.
2026-03-17 13:05:16 - Пользователь user3 был удалён.
2026-03-17 13:05:16 - Пользователь user15 и его домашняя директория были удалены.
2026-03-17 13:05:50 - Пользователь user1 и его домашняя директория были удалены.
2026-03-17 13:05:50 - Пользователь user3 и его домашняя директория были удалены.
2026-03-17 13:05:50 - Пользователь user15 и его домашняя директория были удалены.
2026-03-17 13:08:09 - Пользователь user1 и его домашняя директория были удалены.
2026-03-17 13:08:09 - Пользователь user3 и его домашняя директория были удалены.
2026-03-17 13:08:09 - Пользователь user15 и его домашняя директория были удалены.
2026-03-17 13:08:10 - Пользователь user1 и его домашняя директория были удалены.
2026-03-17 13:08:10 - Пользователь user3 и его домашняя директория были удалены.
2026-03-17 13:08:10 - Пользователь user15 и его домашняя директория были удалены.
2026-03-17 13:08:11 - Пользователь user1 и его домашняя директория были удалены.
2026-03-17 13:08:12 - Пользователь user3 и его домашняя директория были удалены.
2026-03-17 13:08:12 - Пользователь user15 и его домашняя директория были удалены.
2026-03-17 13:09:23 - Пользователь user1 и его домашняя директория были удалены.
2026-03-17 13:09:23 - Пользователь user3 и его домашняя директория были удалены.
2026-03-17 13:09:23 - Пользователь user15 и его домашняя директория были удалены.
2026-03-17 13:10:33 - Пользователь user1 создан
2026-03-17 13:10:33 - Пользователю user1 был установлен пароль
2026-03-17 13:10:33 - SSH ключ для пользователя user1 создан
2026-03-17 13:10:33 - Пользователь user3 создан
2026-03-17 13:10:33 - Пользователю user3 был установлен пароль
2026-03-17 13:10:33 - Пользователь er15 создан
2026-03-17 13:10:33 - Пользователю er15 был установлен пароль
2026-03-17 13:10:33 - SSH ключ для пользователя er15 создан
2026-03-17 13:11:00 - Пользователь user1 уже создан, изменение пароля и SSH-ключа пропущены.
2026-03-17 13:11:00 - Пользователь user3 уже создан, изменение пароля и SSH-ключа пропущены.
2026-03-17 13:11:00 - Пользователь user15 создан
2026-03-17 13:11:00 - Пользователю user15 был установлен пароль
2026-03-17 13:11:00 - SSH ключ для пользователя user15 создан
2026-03-17 13:11:10 - Пользователь user1 и его домашняя директория были удалены.
2026-03-17 13:11:10 - Пользователь user3 был удалён.
2026-03-17 13:11:10 - Пользователь user15 и его домашняя директория были удалены.
2026-03-17 13:11:33 - Пользователь user1 создан
2026-03-17 13:11:33 - Пользователю user1 был установлен пароль
2026-03-17 13:11:33 - SSH ключ для пользователя user1 создан
2026-03-17 13:11:33 - Пользователь user3 создан
2026-03-17 13:11:33 - Пользователю user3 был установлен пароль
2026-03-17 13:11:33 - Пользователь er15 создан
2026-03-17 13:11:33 - Пользователю er15 был установлен пароль
2026-03-17 13:11:33 - SSH ключ для пользователя er15 создан
2026-03-17 13:16:21 - Пользователь user1 и его домашняя директория были удалены.
2026-03-17 13:16:21 - Пользователь user3 был удалён.
2026-03-17 13:16:21 - Пользователь er15 и его домашняя директория были удалены.
2026-03-17 13:16:27 - Пользователь user1 создан
2026-03-17 13:16:27 - Пользователю user1 был установлен пароль
2026-03-17 13:16:27 - SSH ключ для пользователя user1 создан
2026-03-17 13:16:27 - Пользователь user3 создан
2026-03-17 13:16:27 - Пользователю user3 был установлен пароль
2026-03-17 13:16:27 - Пользователь er15 создан
2026-03-17 13:16:28 - Пользователю er15 был установлен пароль
2026-03-17 13:16:28 - SSH ключ для пользователя er15 создан
2026-03-17 13:21:36 - Пользователь user1 уже создан, изменение пароля и SSH-ключа пропущены.
2026-03-17 13:21:36 - Пользователь user3 уже создан, изменение пароля и SSH-ключа пропущены.
2026-03-17 13:21:36 - Пользователь user15 создан
2026-03-17 13:21:36 - Пользователю user15 был установлен пароль
2026-03-17 13:21:37 - SSH ключ для пользователя user15 создан
2026-03-17 13:21:44 - Пользователь user1 и его домашняя директория были удалены.
2026-03-17 13:21:44 - Пользователь user3 был удалён.
2026-03-17 13:21:44 - Пользователь user15 и его домашняя директория были удалены.
2026-03-17 13:21:44 - Пользователь er15 и его домашняя директория были удалены.
2026-03-17 13:21:47 - Пользователь user1 создан
2026-03-17 13:21:47 - Пользователю user1 был установлен пароль
2026-03-17 13:21:47 - SSH ключ для пользователя user1 создан
2026-03-17 13:21:47 - Пользователь user3 создан
2026-03-17 13:21:47 - Пользователю user3 был установлен пароль
2026-03-17 13:21:47 - Пользователь er15 создан
2026-03-17 13:21:47 - Пользователю er15 был установлен пароль
2026-03-17 13:21:47 - SSH ключ для пользователя er15 создан
2026-03-17 13:23:57 - Пользователь user1 и его домашняя директория были удалены.
2026-03-17 13:23:57 - Пользователь user3 был удалён.
2026-03-17 13:23:57 - Пользователь er15 и его домашняя директория были удалены.
2026-03-17 13:23:59 - Пользователь user1 создан
2026-03-17 13:23:59 - Пользователю user1 был установлен пароль
2026-03-17 13:23:59 - SSH ключ для пользователя user1 создан
2026-03-17 13:23:59 - Пользователь user3 создан
2026-03-17 13:23:59 - Пользователю user3 был установлен пароль
2026-03-17 13:23:59 - Пользователь er15 создан
2026-03-17 13:24:00 - Пользователю er15 был установлен пароль
2026-03-17 13:24:00 - SSH ключ для пользователя er15 создан
2026-03-17 13:24:05 - Пользователь user1 и его домашняя директория были удалены.
2026-03-17 13:24:05 - Пользователь user3 был удалён.
2026-03-17 13:24:05 - Пользователь er15 и его домашняя директория были удалены.
2026-03-17 13:24:29 - Пользователь user1 создан
2026-03-17 13:24:29 - Пользователю user1 был установлен пароль
2026-03-17 13:24:29 - SSH ключ для пользователя user1 создан
2026-03-17 13:24:29 - Пользователь user3 создан
2026-03-17 13:24:29 - Пользователю user3 был установлен пароль
2026-03-17 13:24:29 - Пользователь er15 создан
2026-03-17 13:24:29 - Пользователю er15 был установлен пароль
2026-03-17 13:24:29 - SSH ключ для пользователя er15 создан
2026-03-17 13:24:31 - Пользователь user1 и его домашняя директория были удалены.
2026-03-17 13:24:31 - Пользователь user3 был удалён.
2026-03-17 13:24:31 - Пользователь er15 и его домашняя директория были удалены.
2026-03-17 13:26:50 - Пользователь user1 создан
2026-03-17 13:26:50 - Пользователю user1 был установлен пароль
2026-03-17 13:26:50 - SSH ключ для пользователя user1 создан
2026-03-17 13:26:50 - Пользователь user3 создан
2026-03-17 13:26:50 - Пользователю user3 был установлен пароль
2026-03-17 13:26:50 - Пользователь er15 создан
2026-03-17 13:26:50 - Пользователю er15 был установлен пароль
2026-03-17 13:26:50 - SSH ключ для пользователя er15 создан
2026-03-17 13:28:04 - Пользователь user1 и его домашняя директория были удалены.
2026-03-17 13:28:04 - Пользователь user3 был удалён.
2026-03-17 13:28:04 - Пользователь er15 и его домашняя директория были удалены.
2026-03-17 13:28:06 - Пользователь user1 создан
2026-03-17 13:28:06 - Пользователю user1 был установлен пароль
2026-03-17 13:28:06 - SSH ключ для пользователя user1 создан
2026-03-17 13:28:06 - Пользователь user3 создан
2026-03-17 13:28:06 - Пользователю user3 был установлен пароль
2026-03-17 13:28:06 - Пользователь er15 создан
2026-03-17 13:28:06 - Пользователю er15 был установлен пароль
2026-03-17 13:28:07 - SSH ключ для пользователя er15 создан
2026-03-17 13:28:08 - Пользователь user1 и его домашняя директория были удалены.
2026-03-17 13:28:08 - Пользователь user3 был удалён.
2026-03-17 13:28:08 - Пользователь er15 и его домашняя директория были удалены.
2026-03-17 13:28:30 - Пользователь user1 создан
2026-03-17 13:28:30 - Пользователю user1 был установлен пароль
2026-03-17 13:28:30 - SSH ключ для пользователя user1 создан
2026-03-17 13:28:30 - Пользователь user3 создан
2026-03-17 13:28:30 - Пользователю user3 был установлен пароль
2026-03-17 13:28:30 - Пользователь er15 создан
2026-03-17 13:28:30 - Пользователю er15 был установлен пароль
2026-03-17 13:28:30 - SSH ключ для пользователя er15 создан
2026-03-17 13:28:31 - Пользователь user1 уже создан, изменение пароля и SSH-ключа пропущены.
2026-03-17 13:28:31 - Пользователь user3 уже создан, изменение пароля и SSH-ключа пропущены.
2026-03-17 13:28:31 - Пользователь user15 создан
2026-03-17 13:28:31 - Пользователю user15 был установлен пароль
2026-03-17 13:28:31 - SSH ключ для пользователя user15 создан
2026-03-17 13:29:45 - Пользователь user1 и его домашняя директория были удалены.
2026-03-17 13:29:45 - Пользователь user3 был удалён.
2026-03-17 13:29:45 - Пользователь user15 и его домашняя директория были удалены.
2026-03-17 13:29:45 - Пользователь er15 и его домашняя директория были удалены.
2026-03-17 13:29:47 - Пользователь user1 создан
2026-03-17 13:29:47 - Пользователю user1 был установлен пароль
2026-03-17 13:29:47 - SSH ключ для пользователя user1 создан
2026-03-17 13:29:47 - Пользователь user3 создан
2026-03-17 13:29:47 - Пользователю user3 был установлен пароль
2026-03-17 13:29:47 - Пользователь er15 создан
2026-03-17 13:29:47 - Пользователю er15 был установлен пароль
2026-03-17 13:29:47 - SSH ключ для пользователя er15 создан
2026-03-17 13:30:08 - Пользователь user1 и его домашняя директория были удалены.
2026-03-17 13:30:08 - Пользователь user3 был удалён.
2026-03-17 13:30:08 - Пользователь er15 и его домашняя директория были удалены.
2026-03-17 13:31:37 - Пользователь user1 создан
2026-03-17 13:31:37 - Пароль установлен
2026-03-17 13:31:37 - SSH ключ создан
2026-03-17 13:31:37 - Пользователь user3 создан
2026-03-17 13:31:37 - Пароль установлен
2026-03-17 13:31:37 - Пользователь user15 создан
2026-03-17 13:31:37 - Пароль установлен
2026-03-17 13:31:38 - SSH ключ создан
2026-03-17 13:33:37 - Пользователь user1 и его домашняя директория были удалены.
2026-03-17 13:33:37 - Пользователь user3 был удалён.
2026-03-17 13:33:37 - Пользователь user15 и его домашняя директория были удалены.
2026-03-17 13:33:39 - Пользователь user1 создан
2026-03-17 13:33:39 - Пользователю user1 был установлен пароль
2026-03-17 13:33:40 - SSH ключ для пользователя user1 создан
2026-03-17 13:33:40 - Пользователь user3 создан
2026-03-17 13:33:40 - Пользователю user3 был установлен пароль
2026-03-17 13:33:40 - Пользователь user15 создан
2026-03-17 13:33:40 - Пользователю user15 был установлен пароль
2026-03-17 13:33:40 - SSH ключ для пользователя user15 создан
2026-03-17 13:33:43 - Пользователь user1 и его домашняя директория были удалены.
2026-03-17 13:33:43 - Пользователь user3 был удалён.
2026-03-17 13:33:43 - Пользователь user15 и его домашняя директория были удалены.
2026-03-17 13:52:24 - Пользователь user1 уже существует
2026-03-17 13:52:24 - Пользователь user3 уже существует
2026-03-17 13:52:24 - Пользователь user15 уже существует
2026-03-19 08:59:51 - Пользователь user1 создан
2026-03-19 08:59:51 - Пользователю user1 был установлен пароль
2026-03-19 08:59:52 - SSH ключ для пользователя user1 создан
2026-03-19 08:59:52 - Пользователь user3 создан
2026-03-19 08:59:52 - Пользователю user3 был установлен пароль
2026-03-19 08:59:52 - Пользователь user15 создан
2026-03-19 08:59:52 - Пользователю user15 был установлен пароль
2026-03-19 08:59:52 - SSH ключ для пользователя user15 создан
2026-03-19 09:00:07 - Пользователь user1 и его домашняя директория были удалены.
2026-03-19 09:00:07 - Пользователь user3 был удалён.
2026-03-19 09:00:07 - Пользователь user15 и его домашняя директория были удалены.
2026-03-19 09:02:03 - Пользователь user1 создан
2026-03-19 09:02:03 - Пользователю user1 был установлен пароль
2026-03-19 09:02:03 - SSH ключ для пользователя user1 создан
2026-03-19 09:02:04 - Пользователь user3 создан
2026-03-19 09:02:04 - Пользователю user3 был установлен пароль
2026-03-19 09:02:04 - Пользователь user15 создан
2026-03-19 09:02:04 - Пользователю user15 был установлен пароль
2026-03-19 09:02:04 - SSH ключ для пользователя user15 создан
2026-03-19 09:02:07 - Пользователь user3 добавлен в группу developer
2026-03-19 09:02:07 - Пользователь user15 добавлен в группу qae
2026-03-19 09:06:52 - Права на /home/groups/qae обновлены для группы qae
2026-03-19 09:06:52 - Права на /home/groups/qae2 обновлены для группы qae
2026-03-19 09:06:52 - Права на /home/groups/developers обновлены для группы developer
2026-03-19 09:06:52 - Права на /home/groups/developerfolder обновлены для группы developer
2026-03-19 09:06:58 - Права на /home/groups/qae обновлены для группы qae
2026-03-19 09:06:58 - Права на /home/groups/qae2 обновлены для группы qae
2026-03-19 09:06:58 - Права на /home/groups/developers обновлены для группы developer
2026-03-19 09:06:58 - Права на /home/groups/developerfolder обновлены для группы developer
2026-03-19 11:21:55 - Пользователь user1 и его домашняя директория были удалены.
2026-03-19 11:21:55 - Пользователь user3 был удалён.
2026-03-19 11:21:55 - Пользователь user15 и его домашняя директория были удалены.
2026-03-19 11:22:12 - Пользователь user1 создан
2026-03-19 11:22:12 - Пользователю user1 был установлен пароль
2026-03-19 11:22:12 - SSH ключ для пользователя user1 создан
2026-03-19 11:22:12 - Пользователь user3 создан
2026-03-19 11:22:12 - Пользователю user3 был установлен пароль
2026-03-19 11:22:12 - Пользователь user15 создан
2026-03-19 11:22:12 - Пользователю user15 был установлен пароль
2026-03-19 11:22:13 - SSH ключ для пользователя user15 создан
2026-03-19 11:22:43 - Пользователь user3 добавлен в группу developer
2026-03-19 11:22:43 - Пользователь user15 добавлен в группу qae
2026-03-19 11:23:40 - Права на /home/groups/qae обновлены для группы qae
2026-03-19 11:23:40 - Права на /home/groups/qae2 обновлены для группы qae
2026-03-19 11:23:40 - Права на /home/groups/developers обновлены для группы developer
2026-03-19 11:23:40 - Права на /home/groups/developerfolder обновлены для группы developer
2026-03-19 11:24:06 - Директория /home/groups/qae создана
2026-03-19 11:24:06 - Права на /home/groups/qae обновлены для группы qae
2026-03-19 11:24:06 - Директория /home/groups/qae2 создана
2026-03-19 11:24:06 - Права на /home/groups/qae2 обновлены для группы qae
2026-03-19 11:24:06 - Директория /home/groups/developers создана
2026-03-19 11:24:06 - Права на /home/groups/developers обновлены для группы developer
2026-03-19 11:24:06 - Директория /home/groups/developerfolder создана
2026-03-19 11:24:06 - Права на /home/groups/developerfolder обновлены для группы developer
